2018/09/17 11:26:27.910968 [/Users/phil/Source/go/src/github.com/burke/zeus/go/processtree/slavenode.go:149] test_environment/(no PID) entering state SUnbooted
2018/09/17 11:26:27.911322 [/Users/phil/Source/go/src/github.com/burke/zeus/go/processtree/slavenode.go:149] boot/(no PID) entering state SUnbooted
2018/09/17 11:26:27.911414 [/Users/phil/Source/go/src/github.com/burke/zeus/go/processtree/slavenode.go:391] boot/(no PID) running the root command now
2018/09/17 11:26:27.911859 [/Users/phil/Source/go/src/github.com/burke/zeus/go/processtree/slavenode.go:149] development_environment/(no PID) entering state SUnbooted
2018/09/17 11:26:27.911867 [/Users/phil/Source/go/src/github.com/burke/zeus/go/processtree/slavenode.go:149] prerake/(no PID) entering state SUnbooted
2018/09/17 11:26:27.911902 [/Users/phil/Source/go/src/github.com/burke/zeus/go/processtree/slavenode.go:149] default_bundle/(no PID) entering state SUnbooted
2018/09/17 11:26:27.911924 [/Users/phil/Source/go/src/github.com/burke/zeus/go/processtree/slavenode.go:149] test_helper/(no PID) entering state SUnbooted
2018/09/17 11:26:28.920210 [/Users/phil/Source/go/src/github.com/burke/zeus/go/processtree/slavenode.go:135] boot/(23509) initialized slave boot with pid 23509 from parent 0
2018/09/17 11:26:28.920341 [/Users/phil/Source/go/src/github.com/burke/zeus/go/processtree/slavenode.go:152] boot/(23509) entering state SBooting
2018/09/17 11:26:29.753525 [/Users/phil/Source/go/src/github.com/burke/zeus/go/processtree/slavenode.go:231] boot/(23509) received action message
2018/09/17 11:26:29.753576 [/Users/phil/Source/go/src/github.com/burke/zeus/go/processtree/slavenode.go:155] boot/(23509) entering state SReady
2018/09/17 11:26:29.753584 [/Users/phil/Source/go/src/github.com/burke/zeus/go/processtree/slavenode.go:339] boot/(23509) now sending slave boot request for default_bundle
2018/09/17 11:26:29.755310 [/Users/phil/Source/go/src/github.com/burke/zeus/go/processtree/slavenode.go:135] default_bundle/(23515) initialized slave default_bundle with pid 23515 from parent 23509
2018/09/17 11:26:29.755334 [/Users/phil/Source/go/src/github.com/burke/zeus/go/processtree/slavenode.go:152] default_bundle/(23515) entering state SBooting
2018/09/17 11:26:30.038597 [/Users/phil/Source/go/src/github.com/burke/zeus/go/processtree/slavenode.go:231] default_bundle/(23515) received action message
2018/09/17 11:26:30.038642 [/Users/phil/Source/go/src/github.com/burke/zeus/go/processtree/slavenode.go:155] default_bundle/(23515) entering state SReady
2018/09/17 11:26:30.038650 [/Users/phil/Source/go/src/github.com/burke/zeus/go/processtree/slavenode.go:339] default_bundle/(23515) now sending slave boot request for test_environment
2018/09/17 11:26:30.038668 [/Users/phil/Source/go/src/github.com/burke/zeus/go/processtree/slavenode.go:339] default_bundle/(23515) now sending slave boot request for development_environment
2018/09/17 11:26:30.040445 [/Users/phil/Source/go/src/github.com/burke/zeus/go/processtree/slavenode.go:135] test_environment/(23519) initialized slave test_environment with pid 23519 from parent 23515
2018/09/17 11:26:30.040844 [/Users/phil/Source/go/src/github.com/burke/zeus/go/processtree/slavenode.go:152] test_environment/(23519) entering state SBooting
2018/09/17 11:26:30.042168 [/Users/phil/Source/go/src/github.com/burke/zeus/go/processtree/slavenode.go:135] development_environment/(23522) initialized slave development_environment with pid 23522 from parent 23515
2018/09/17 11:26:30.042416 [/Users/phil/Source/go/src/github.com/burke/zeus/go/processtree/slavenode.go:152] development_environment/(23522) entering state SBooting
2018/09/17 11:26:30.528485 [/Users/phil/Source/go/src/github.com/burke/zeus/go/processtree/slavenode.go:231] test_environment/(23519) received action message
2018/09/17 11:26:30.528625 [/Users/phil/Source/go/src/github.com/burke/zeus/go/processtree/slavenode.go:155] test_environment/(23519) entering state SReady
2018/09/17 11:26:30.528650 [/Users/phil/Source/go/src/github.com/burke/zeus/go/processtree/slavenode.go:339] test_environment/(23519) now sending slave boot request for test_helper
2018/09/17 11:26:30.535833 [/Users/phil/Source/go/src/github.com/burke/zeus/go/processtree/slavenode.go:135] test_helper/(23526) initialized slave test_helper with pid 23526 from parent 23519
2018/09/17 11:26:30.537805 [/Users/phil/Source/go/src/github.com/burke/zeus/go/processtree/slavenode.go:152] test_helper/(23526) entering state SBooting
2018/09/17 11:26:30.545789 [/Users/phil/Source/go/src/github.com/burke/zeus/go/processtree/slavenode.go:231] test_helper/(23526) received action message
2018/09/17 11:26:30.545866 [/Users/phil/Source/go/src/github.com/burke/zeus/go/processtree/slavenode.go:158] test_helper/(no PID) entering state SCrashed
2018/09/17 11:26:30.668282 [/Users/phil/Source/go/src/github.com/burke/zeus/go/processtree/slavenode.go:231] development_environment/(23522) received action message
2018/09/17 11:26:30.668339 [/Users/phil/Source/go/src/github.com/burke/zeus/go/processtree/slavenode.go:155] development_environment/(23522) entering state SReady
2018/09/17 11:26:30.668353 [/Users/phil/Source/go/src/github.com/burke/zeus/go/processtree/slavenode.go:339] development_environment/(23522) now sending slave boot request for prerake
2018/09/17 11:26:30.673819 [/Users/phil/Source/go/src/github.com/burke/zeus/go/processtree/slavenode.go:135] prerake/(23536) initialized slave prerake with pid 23536 from parent 23522
2018/09/17 11:26:30.673929 [/Users/phil/Source/go/src/github.com/burke/zeus/go/processtree/slavenode.go:152] prerake/(23536) entering state SBooting
2018/09/17 11:26:30.683226 [/Users/phil/Source/go/src/github.com/burke/zeus/go/processtree/slavenode.go:231] prerake/(23536) received action message
2018/09/17 11:26:30.683323 [/Users/phil/Source/go/src/github.com/burke/zeus/go/processtree/slavenode.go:155] prerake/(23536) entering state SReady
